
Showing logs for build [32mcb-kubecd-environment-pr-201-2-94p9r-1[0m stage [32mfrom-build-pack[0m and container [32mstep-credential-initializer-2ms95[0m
{"level":"warn","ts":1586950927.7932918,"logger":"fallback-logger","caller":"logging/config.go:69","msg":"Fetch GitHub commit ID from kodata failed: \"ref: refs/heads/0.8.0-**-support-backwards-incompats\" is not a valid GitHub commit ID"}
{"level":"info","ts":1586950927.7943084,"logger":"fallback-logger","caller":"creds-init/main.go:40","msg":"Credentials initialized."}

Showing logs for build [32mcb-kubecd-environment-pr-201-2-94p9r-1[0m stage [32mfrom-build-pack[0m and container [32mstep-working-dir-initializer-jmhgx[0m
{"level":"warn","ts":1586950928.7652154,"logger":"fallback-logger","caller":"logging/config.go:69","msg":"Fetch GitHub commit ID from kodata failed: open /var/run/ko/HEAD: no such file or directory"}
{"level":"info","ts":1586950928.7671652,"logger":"fallback-logger","caller":"bash/main.go:64","msg":"Successfully executed command \"sh -c mkdir -p /workspace/source\"; output "}

Showing logs for build [32mcb-kubecd-environment-pr-201-2-94p9r-1[0m stage [32mfrom-build-pack[0m and container [32mstep-place-tools[0m

Showing logs for build [32mcb-kubecd-environment-pr-201-2-94p9r-1[0m stage [32mfrom-build-pack[0m and container [32mstep-git-source-cb-kubecd-environment-pr-201-2-94p9r-82sqs[0m
{"level":"warn","ts":1586950931.9569318,"logger":"fallback-logger","caller":"logging/config.go:69","msg":"Fetch GitHub commit ID from kodata failed: \"ref: refs/heads/0.8.0-**-support-backwards-incompats\" is not a valid GitHub commit ID"}
{"level":"info","ts":1586950933.0097377,"logger":"fallback-logger","caller":"git/git.go:103","msg":"Successfully cloned https://github.com/cb-kubecd/environment-pr-201-2-boot-vault-gke-staging.git @ master in path /workspace/source"}

Showing logs for build [32mcb-kubecd-environment-pr-201-2-94p9r-1[0m stage [32mfrom-build-pack[0m and container [32mstep-git-merge[0m
Using SHAs from PULL_REFS=master:6bd72babfcb99b46ad54b26aad0fcba1c9741691,4:ec5850d2242f6bb92a322b0d57ce9eb801c91f38
DEBUG: LC_ALL=C JX_LOG_LEVEL=error git fetch origin --unshallow ec5850d2242f6bb92a322b0d57ce9eb801c91f38: 6bd72babfcb99b46ad54b26aad0fcba1c9741691:
DEBUG: ran git fetch --unshallow origin ec5850d2242f6bb92a322b0d57ce9eb801c91f38: 6bd72babfcb99b46ad54b26aad0fcba1c9741691: in 
DEBUG: LC_ALL=C JX_LOG_LEVEL=error git branch
DEBUG: LC_ALL=C JX_LOG_LEVEL=error git checkout master
DEBUG: ran git checkout master in 
DEBUG: JX_LOG_LEVEL=error LC_ALL=C git reset --hard 6bd72babfcb99b46ad54b26aad0fcba1c9741691
DEBUG: ran git reset --hard 6bd72babfcb99b46ad54b26aad0fcba1c9741691 in 
DEBUG: LC_ALL=C JX_LOG_LEVEL=error git clean -fd .
DEBUG: ran clean --force -d . in 
DEBUG: LC_ALL=C JX_LOG_LEVEL=error git merge ec5850d2242f6bb92a322b0d57ce9eb801c91f38
DEBUG: ran git merge ec5850d2242f6bb92a322b0d57ce9eb801c91f38 in 
DEBUG: LC_ALL=C JX_LOG_LEVEL=error git log --format=%H%x1f%an%x1f%ae%x1f%cn%x1f%ce%x1f%s%n%b%x1e 6bd72babfcb99b46ad54b26aad0fcba1c9741691..HEAD
Merged SHA ec5850d2242f6bb92a322b0d57ce9eb801c91f38 with commit message 'chore: Promote bdd-nh-1586948237 to version 0.0.1' into base branch master

Showing logs for build [32mcb-kubecd-environment-pr-201-2-94p9r-1[0m stage [32mfrom-build-pack[0m and container [32mstep-build-helm-build[0m
WARNING: No $CHART_REPOSITORY defined so using the default value of: http://jenkins-x-chartmuseum:8080
Adding missing Helm repo: storage.googleapis.com https://storage.googleapis.com/chartmuseum.jenkins-x.io
WARNING: No secrets found on "helm/repos" due: reading the secret "helm/repos" from vault: no secret "helm/repos" not found in vault
Read credentials for https://storage.googleapis.com/chartmuseum.jenkins-x.io from vault helm/repos
Successfully added Helm repository storage.googleapis.com.
Adding missing Helm repo: jenkins-x-chartmuseum http://jenkins-x-chartmuseum:8080
WARNING: No secrets found on "helm/repos" due: reading the secret "helm/repos" from vault: no secret "helm/repos" not found in vault
Read credentials for http://jenkins-x-chartmuseum:8080 from vault helm/repos
Successfully added Helm repository jenkins-x-chartmuseum.
WARNING: No $CHART_REPOSITORY defined so using the default value of: http://jenkins-x-chartmuseum:8080
Adding missing Helm repo: chartmuseum.jenkins-x.io http://chartmuseum.jenkins-x.io
WARNING: No secrets found on "helm/repos" due: reading the secret "helm/repos" from vault: no secret "helm/repos" not found in vault
Read credentials for http://chartmuseum.jenkins-x.io from vault helm/repos
Successfully added Helm repository chartmuseum.jenkins-x.io.
